TN:
SF:app/form_validator.js
FN:1,isValidCommaDelimitedList
FN:7,isValidTagmode
FN:11,hasValidFlickrAPIParams
FNF:3
FNH:3
FNDA:9,isValidCommaDelimitedList
FNDA:6,isValidTagmode
FNDA:5,hasValidFlickrAPIParams
DA:3,9
DA:4,9
DA:8,6
DA:12,5
LF:4
LH:4
BRDA:8,0,0,6
BRDA:8,0,1,3
BRDA:12,1,0,5
BRDA:12,1,1,3
BRF:4
BRH:4
end_of_record
TN:
SF:app/photo_model.js
FN:4,getFlickrPhotos
FN:10,(anonymous_1)
FN:11,(anonymous_2)
FNF:3
FNH:3
FNDA:3,getFlickrPhotos
FNDA:3,(anonymous_1)
FNDA:60,(anonymous_2)
DA:5,3
DA:7,3
DA:8,3
DA:10,3
DA:11,3
DA:12,60
DA:13,60
DA:16,3
LF:8
LH:8
BRF:0
BRH:0
end_of_record
TN:
SF:app/route.js
FN:4,route
FN:5,(anonymous_1)
FN:31,(anonymous_2)
FN:36,(anonymous_3)
FNF:4
FNH:3
FNDA:1,route
FNDA:3,(anonymous_1)
FNDA:1,(anonymous_2)
FNDA:0,(anonymous_3)
DA:5,1
DA:6,3
DA:7,3
DA:9,3
DA:18,3
DA:19,1
DA:23,2
DA:24,1
DA:25,1
DA:29,1
DA:32,1
DA:33,1
DA:34,1
DA:37,0
LF:14
LH:13
BRDA:10,0,0,3
BRDA:10,0,1,1
BRDA:11,1,0,3
BRDA:11,1,1,1
BRDA:18,2,0,1
BRDA:18,2,1,2
BRDA:18,3,0,3
BRDA:18,3,1,1
BRDA:23,4,0,1
BRDA:23,4,1,1
BRF:10
BRH:10
end_of_record
TN:
SF:app/server.js
FN:23,(anonymous_0)
FNF:1
FNH:0
FNDA:0,(anonymous_0)
DA:8,1
DA:9,1
DA:10,1
DA:11,1
DA:14,1
DA:15,1
DA:16,1
DA:19,1
DA:20,1
DA:21,1
DA:23,1
DA:24,0
DA:25,0
DA:30,1
DA:33,1
DA:34,1
DA:35,1
LF:17
LH:15
BRDA:33,0,0,1
BRDA:33,0,1,1
BRF:2
BRH:2
end_of_record
